# JRE version: OpenJDK Runtime Environment (17.0.6) (build 17.0.6+0-b2043.56-10027231)
# Java VM: OpenJDK 64-Bit Server VM (17.0.6+0-b2043.56-10027231, mixed mode, tiered, compressed oops, compressed class ptrs, g1 gc, windows-amd64)
GC Precious Log:
 CPUs: 2 total, 2 available
 Memory: 11741M
 Large Page Support: Disabled
 NUMA Support: Disabled
 Compressed Oops: Enabled (Zero based)
 Heap Region Size: 2M
 Heap Min Capacity: 8M
 Heap Initial Capacity: 184M
 Heap Max Capacity: 2936M
 Pre-touch: Disabled
 Parallel Workers: 2
 Concurrent Workers: 1
 Concurrent Refinement Workers: 2
 Periodic GC: Disabled
Heap:
 garbage-first heap   total 204800K, used 128507K [0x0000000748800000, 0x0000000800000000)
  region size 2048K, 3 young (6144K), 3 survivors (6144K)
 Metaspace       used 86088K, committed 86400K, reserved 1130496K
  class space    used 9389K, committed 9536K, reserved 1048576K
GC Heap History (20 events):
Event: 97.367 GC heap after
{Heap after GC invocations=46 (full 0):
 garbage-first heap   total 159744K, used 90352K [0x0000000748800000, 0x0000000800000000)
  region size 2048K, 2 young (4096K), 2 survivors (4096K)
 Metaspace       used 70626K, committed 70976K, reserved 1114112K
  class space    used 7897K, committed 8064K, reserved 1048576K
}
Event: 101.093 GC heap before
{Heap before GC invocations=47 (full 0):
 garbage-first heap   total 159744K, used 129264K [0x0000000748800000, 0x0000000800000000)
  region size 2048K, 22 young (45056K), 2 survivors (4096K)
 Metaspace       used 70916K, committed 71296K, reserved 1114112K
  class space    used 7902K, committed 8064K, reserved 1048576K
}
Event: 101.122 GC heap after
{Heap after GC invocations=48 (full 0):
 garbage-first heap   total 159744K, used 95361K [0x0000000748800000, 0x0000000800000000)
  region size 2048K, 3 young (6144K), 3 survivors (6144K)
 Metaspace       used 70916K, committed 71296K, reserved 1114112K
  class space    used 7902K, committed 8064K, reserved 1048576K
}
Event: 102.576 GC heap before
{Heap before GC invocations=48 (full 0):
 garbage-first heap   total 159744K, used 130177K [0x0000000748800000, 0x0000000800000000)
  region size 2048K, 20 young (40960K), 3 survivors (6144K)
 Metaspace       used 71545K, committed 71872K, reserved 1114112K
  class space    used 7946K, committed 8064K, reserved 1048576K
}
Event: 102.595 GC heap after
{Heap after GC invocations=49 (full 0):
 garbage-first heap   total 159744K, used 96214K [0x0000000748800000, 0x0000000800000000)
  region size 2048K, 1 young (2048K), 1 survivors (2048K)
 Metaspace       used 71545K, committed 71872K, reserved 1114112K
  class space    used 7946K, committed 8064K, reserved 1048576K
}
Event: 105.350 GC heap before
{Heap before GC invocations=50 (full 0):
 garbage-first heap   total 167936K, used 131030K [0x0000000748800000, 0x0000000800000000)
  region size 2048K, 18 young (36864K), 1 survivors (2048K)
 Metaspace       used 74148K, committed 74496K, reserved 1122304K
  class space    used 8223K, committed 8384K, reserved 1048576K
}
Event: 105.372 GC heap after
{Heap after GC invocations=51 (full 0):
 garbage-first heap   total 167936K, used 97607K [0x0000000748800000, 0x0000000800000000)
  region size 2048K, 2 young (4096K), 2 survivors (4096K)
 Metaspace       used 74148K, committed 74496K, reserved 1122304K
  class space    used 8223K, committed 8384K, reserved 1048576K
}
Event: 108.788 GC heap before
{Heap before GC invocations=51 (full 0):
 garbage-first heap   total 167936K, used 136519K [0x0000000748800000, 0x0000000800000000)
  region size 2048K, 21 young (43008K), 2 survivors (4096K)
 Metaspace       used 77532K, committed 77824K, reserved 1122304K
  class space    used 8529K, committed 8640K, reserved 1048576K
}
Event: 108.819 GC heap after
{Heap after GC invocations=52 (full 0):
 garbage-first heap   total 167936K, used 103542K [0x0000000748800000, 0x0000000800000000)
  region size 2048K, 3 young (6144K), 3 survivors (6144K)
 Metaspace       used 77532K, committed 77824K, reserved 1122304K
  class space    used 8529K, committed 8640K, reserved 1048576K
}
Event: 111.020 GC heap before
{Heap before GC invocations=53 (full 0):
 garbage-first heap   total 178176K, used 136310K [0x0000000748800000, 0x0000000800000000)
  region size 2048K, 19 young (38912K), 3 survivors (6144K)
 Metaspace       used 77665K, committed 78016K, reserved 1122304K
  class space    used 8535K, committed 8704K, reserved 1048576K
}
Event: 111.076 GC heap after
{Heap after GC invocations=54 (full 0):
 garbage-first heap   total 178176K, used 111240K [0x0000000748800000, 0x0000000800000000)
  region size 2048K, 3 young (6144K), 3 survivors (6144K)
 Metaspace       used 77665K, committed 78016K, reserved 1122304K
  class space    used 8535K, committed 8704K, reserved 1048576K
}
Event: 111.123 GC heap before
{Heap before GC invocations=54 (full 0):
 garbage-first heap   total 178176K, used 113288K [0x0000000748800000, 0x0000000800000000)
  region size 2048K, 4 young (8192K), 3 survivors (6144K)
 Metaspace       used 77671K, committed 78016K, reserved 1122304K
  class space    used 8535K, committed 8704K, reserved 1048576K
}
Event: 111.155 GC heap after
{Heap after GC invocations=55 (full 0):
 garbage-first heap   total 178176K, used 112380K [0x0000000748800000, 0x0000000800000000)
  region size 2048K, 1 young (2048K), 1 survivors (2048K)
 Metaspace       used 77671K, committed 78016K, reserved 1122304K
  class space    used 8535K, committed 8704K, reserved 1048576K
}
Event: 112.359 GC heap before
{Heap before GC invocations=55 (full 0):
 garbage-first heap   total 178176K, used 143100K [0x0000000748800000, 0x0000000800000000)
  region size 2048K, 16 young (32768K), 1 survivors (2048K)
 Metaspace       used 77759K, committed 78080K, reserved 1122304K
  class space    used 8537K, committed 8704K, reserved 1048576K
}
Event: 112.385 GC heap after
{Heap after GC invocations=56 (full 0):
 garbage-first heap   total 178176K, used 119508K [0x0000000748800000, 0x0000000800000000)
  region size 2048K, 2 young (4096K), 2 survivors (4096K)
 Metaspace       used 77759K, committed 78080K, reserved 1122304K
  class space    used 8537K, committed 8704K, reserved 1048576K
}
Event: 114.903 GC heap before
{Heap before GC invocations=57 (full 0):
 garbage-first heap   total 204800K, used 144084K [0x0000000748800000, 0x0000000800000000)
  region size 2048K, 14 young (28672K), 2 survivors (4096K)
 Metaspace       used 81042K, committed 81344K, reserved 1122304K
  class space    used 8906K, committed 9024K, reserved 1048576K
}
Event: 114.943 GC heap after
{Heap after GC invocations=58 (full 0):
 garbage-first heap   total 204800K, used 123212K [0x0000000748800000, 0x0000000800000000)
  region size 2048K, 2 young (4096K), 2 survivors (4096K)
 Metaspace       used 81042K, committed 81344K, reserved 1122304K
  class space    used 8906K, committed 9024K, reserved 1048576K
}
Event: 115.370 GC heap before
{Heap before GC invocations=58 (full 0):
 garbage-first heap   total 204800K, used 129356K [0x0000000748800000, 0x0000000800000000)
  region size 2048K, 5 young (10240K), 2 survivors (4096K)
 Metaspace       used 81273K, committed 81536K, reserved 1122304K
  class space    used 8907K, committed 9024K, reserved 1048576K
}
Event: 115.403 GC heap after
{Heap after GC invocations=59 (full 0):
 garbage-first heap   total 204800K, used 123491K [0x0000000748800000, 0x0000000800000000)
  region size 2048K, 1 young (2048K), 1 survivors (2048K)
 Metaspace       used 81273K, committed 81536K, reserved 1122304K
  class space    used 8907K, committed 9024K, reserved 1048576K
}
Event: 117.500 GC heap before
{Heap before GC invocations=59 (full 0):
 garbage-first heap   total 204800K, used 162403K [0x0000000748800000, 0x0000000800000000)
  region size 2048K, 20 young (40960K), 1 survivors (2048K)
 Metaspace       used 86088K, committed 86400K, reserved 1130496K
  class space    used 9389K, committed 9536K, reserved 1048576K
}

